app/build/intermediates/manifest_merge_blame_file/debug/processDebugMainManifest/manifest-merger-blame-debug-report.txt
1<?xml version="1.0" encoding="utf-8"?>
2<manifest xmlns:android="http://schemas.android.com/apk/res/android"
3    package="com.example.neighbourhoodbartersystem"
4    android:versionCode="1"
5    android:versionName="1.0" >
6
7    <uses-sdk
8        android:minSdkVersion="24"
9        android:targetSdkVersion="35" />
10
11    <uses-feature
11-->src\main\AndroidManifest.xml:5:5-7:36
12        android:name="android.hardware.camera"
12-->src\main\AndroidManifest.xml:6:9-47
13        android:required="false" />
13-->src\main\AndroidManifest.xml:7:9-33
14
15    <uses-permission android:name="android.permission.CAMERA" />
15-->src\main\AndroidManifest.xml:9:5-64
15-->src\main\AndroidManifest.xml:9:22-62
16    <uses-permission android:name="android.permission.POST_NOTIFICATIONS" />
16-->src\main\AndroidManifest.xml:10:5-77
16-->src\main\AndroidManifest.xml:10:22-74
17    <uses-permission android:name="android.permission.READ_EXTERNAL_STORAGE" />
17-->src\main\AndroidManifest.xml:11:5-79
17-->src\main\AndroidManifest.xml:11:22-77
18    <uses-permission android:name="android.permission.WRITE_EXTERNAL_STORAGE" />
18-->src\main\AndroidManifest.xml:12:5-80
18-->src\main\AndroidManifest.xml:12:22-78
19    <uses-permission android:name="android.permission.INTERNET" />
19-->src\main\AndroidManifest.xml:13:5-66
19-->src\main\AndroidManifest.xml:13:22-64
20    <uses-permission android:name="android.permission.ACCESS_FINE_LOCATION" />
20-->src\main\AndroidManifest.xml:14:5-78
20-->src\main\AndroidManifest.xml:14:22-76
21    <uses-permission android:name="android.permission.ACCESS_COARSE_LOCATION" />
21-->src\main\AndroidManifest.xml:15:5-81
21-->src\main\AndroidManifest.xml:15:22-78
22
23    <!-- Include required permissions for Google Maps API to run. -->
24    <uses-permission android:name="android.permission.ACCESS_NETWORK_STATE" />
24-->[com.google.android.gms:play-services-maps:19.1.0] AndroidManifest.xml:20:5-78
24-->[com.google.android.gms:play-services-maps:19.1.0] AndroidManifest.xml:20:22-76
25
26    <uses-feature
26-->[com.google.android.gms:play-services-maps:19.1.0] AndroidManifest.xml:22:5-24:33
27        android:glEsVersion="0x00020000"
27-->[com.google.android.gms:play-services-maps:19.1.0] AndroidManifest.xml:23:8-40
28        android:required="true" />
28-->[com.google.android.gms:play-services-maps:19.1.0] AndroidManifest.xml:24:8-31
29
30    <queries>
30-->[com.google.android.gms:play-services-maps:19.1.0] AndroidManifest.xml:27:5-30:15
31
32        <!-- Needs to be explicitly declared on Android R+ -->
33        <package android:name="com.google.android.apps.maps" />
33-->[com.google.android.gms:play-services-maps:19.1.0] AndroidManifest.xml:29:7-61
33-->[com.google.android.gms:play-services-maps:19.1.0] AndroidManifest.xml:29:16-59
34    </queries>
35
36    <permission
36-->[androidx.core:core:1.13.0] AndroidManifest.xml:22:5-24:47
37        android:name="com.example.neighbourhoodbartersystem.DYNAMIC_RECEIVER_NOT_EXPORTED_PERMISSION"
37-->[androidx.core:core:1.13.0] AndroidManifest.xml:23:9-81
38        android:protectionLevel="signature" />
38-->[androidx.core:core:1.13.0] AndroidManifest.xml:24:9-44
39
40    <uses-permission android:name="com.example.neighbourhoodbartersystem.DYNAMIC_RECEIVER_NOT_EXPORTED_PERMISSION" />
40-->[androidx.core:core:1.13.0] AndroidManifest.xml:26:5-97
40-->[androidx.core:core:1.13.0] AndroidManifest.xml:26:22-94
41
42    <application
42-->src\main\AndroidManifest.xml:18:5-91:15
43        android:allowBackup="true"
43-->src\main\AndroidManifest.xml:19:9-35
44        android:appComponentFactory="androidx.core.app.CoreComponentFactory"
44-->[androidx.core:core:1.13.0] AndroidManifest.xml:28:18-86
45        android:dataExtractionRules="@xml/data_extraction_rules"
45-->src\main\AndroidManifest.xml:20:9-65
46        android:debuggable="true"
47        android:extractNativeLibs="false"
48        android:fullBackupContent="@xml/backup_rules"
48-->src\main\AndroidManifest.xml:21:9-54
49        android:icon="@mipmap/ic_launcher"
49-->src\main\AndroidManifest.xml:22:9-43
50        android:label="@string/app_name"
50-->src\main\AndroidManifest.xml:23:9-41
51        android:roundIcon="@mipmap/ic_launcher_round"
51-->src\main\AndroidManifest.xml:24:9-54
52        android:supportsRtl="true"
52-->src\main\AndroidManifest.xml:25:9-35
53        android:testOnly="true"
54        android:theme="@style/Theme.NeighbourhoodBarterSystem" >
54-->src\main\AndroidManifest.xml:26:9-63
55        <activity
55-->src\main\AndroidManifest.xml:28:9-37:20
56            android:name="com.example.neighbourhoodbartersystem.MainActivity"
56-->src\main\AndroidManifest.xml:29:13-41
57            android:exported="true" >
57-->src\main\AndroidManifest.xml:30:13-36
58            <intent-filter>
58-->src\main\AndroidManifest.xml:31:13-36:29
59                <action android:name="android.intent.action.MAIN" />
59-->src\main\AndroidManifest.xml:32:17-69
59-->src\main\AndroidManifest.xml:32:25-66
60
61                <category android:name="android.intent.category.LAUNCHER" />
61-->src\main\AndroidManifest.xml:35:17-77
61-->src\main\AndroidManifest.xml:35:27-74
62            </intent-filter>
63        </activity>
64        <activity
64-->src\main\AndroidManifest.xml:38:9-46:20
65            android:name="com.example.neighbourhoodbartersystem.AddNewProduct"
65-->src\main\AndroidManifest.xml:38:19-48
66            android:exported="true" >
66-->src\main\AndroidManifest.xml:39:13-36
67            <intent-filter>
67-->src\main\AndroidManifest.xml:31:13-36:29
68                <action android:name="android.intent.action.MAIN" />
68-->src\main\AndroidManifest.xml:32:17-69
68-->src\main\AndroidManifest.xml:32:25-66
69
70                <category android:name="android.intent.category.LAUNCHER" />
70-->src\main\AndroidManifest.xml:35:17-77
70-->src\main\AndroidManifest.xml:35:27-74
71            </intent-filter>
72        </activity>
73        <activity android:name="com.example.neighbourhoodbartersystem.ExchangeActivity" />
73-->src\main\AndroidManifest.xml:47:9-54
73-->src\main\AndroidManifest.xml:47:19-51
74        <activity android:name="com.example.neighbourhoodbartersystem.OngoingActivity" />
74-->src\main\AndroidManifest.xml:48:9-53
74-->src\main\AndroidManifest.xml:48:19-50
75        <activity android:name="com.example.neighbourhoodbartersystem.YourItemsActivity" />
75-->src\main\AndroidManifest.xml:49:9-55
75-->src\main\AndroidManifest.xml:49:19-52
76        <activity android:name="com.example.neighbourhoodbartersystem.LoginActivity" />
76-->src\main\AndroidManifest.xml:50:9-51
76-->src\main\AndroidManifest.xml:50:19-48
77        <activity
77-->src\main\AndroidManifest.xml:51:9-59:20
78            android:name="com.example.neighbourhoodbartersystem.ProfileActivity"
78-->src\main\AndroidManifest.xml:51:19-87
79            android:exported="true" >
79-->src\main\AndroidManifest.xml:52:13-36
80            <intent-filter>
80-->src\main\AndroidManifest.xml:31:13-36:29
81                <action android:name="android.intent.action.MAIN" />
81-->src\main\AndroidManifest.xml:32:17-69
81-->src\main\AndroidManifest.xml:32:25-66
82
83                <category android:name="android.intent.category.LAUNCHER" />
83-->src\main\AndroidManifest.xml:35:17-77
83-->src\main\AndroidManifest.xml:35:27-74
84            </intent-filter>
85        </activity>
86        <activity
86-->src\main\AndroidManifest.xml:60:9-68:20
87            android:name="com.example.neighbourhoodbartersystem.SettingsActivity"
87-->src\main\AndroidManifest.xml:60:19-88
88            android:exported="true" >
88-->src\main\AndroidManifest.xml:61:13-36
89            <intent-filter>
89-->src\main\AndroidManifest.xml:31:13-36:29
90                <action android:name="android.intent.action.MAIN" />
90-->src\main\AndroidManifest.xml:32:17-69
90-->src\main\AndroidManifest.xml:32:25-66
91
92                <category android:name="android.intent.category.LAUNCHER" />
92-->src\main\AndroidManifest.xml:35:17-77
92-->src\main\AndroidManifest.xml:35:27-74
93            </intent-filter>
94        </activity>
95
96        <meta-data
96-->src\main\AndroidManifest.xml:73:9-75:57
97            android:name="preloaded_fonts"
97-->src\main\AndroidManifest.xml:74:13-43
98            android:resource="@array/preloaded_fonts" />
98-->src\main\AndroidManifest.xml:75:13-54
99        <meta-data
99-->src\main\AndroidManifest.xml:76:9-78:48
100            android:name="com.google.android.geo.API_KEY"
100-->src\main\AndroidManifest.xml:77:13-58
101            android:value="YOUR_API_KEY_HERE" />
101-->src\main\AndroidManifest.xml:78:13-46
102
103        <provider
103-->src\main\AndroidManifest.xml:81:9-89:20
104            android:name="androidx.core.content.FileProvider"
104-->src\main\AndroidManifest.xml:82:13-62
105            android:authorities="com.example.neighbourhoodbartersystem.provider"
105-->src\main\AndroidManifest.xml:83:13-81
106            android:exported="false"
106-->src\main\AndroidManifest.xml:85:13-37
107            android:grantUriPermissions="true" >
107-->src\main\AndroidManifest.xml:84:13-47
108            <meta-data
108-->src\main\AndroidManifest.xml:86:13-88:53
109                android:name="android.support.FILE_PROVIDER_PATHS"
109-->src\main\AndroidManifest.xml:87:17-67
110                android:resource="@xml/file_paths" />
110-->src\main\AndroidManifest.xml:88:17-51
111        </provider>
112
113        <!-- Needs to be explicitly declared on P+ -->
114        <uses-library
114-->[com.google.android.gms:play-services-maps:19.1.0] AndroidManifest.xml:33:7-86
115            android:name="org.apache.http.legacy"
115-->[com.google.android.gms:play-services-maps:19.1.0] AndroidManifest.xml:33:21-58
116            android:required="false" />
116-->[com.google.android.gms:play-services-maps:19.1.0] AndroidManifest.xml:33:59-83
117
118        <activity
118-->[com.google.android.gms:play-services-base:18.5.0] AndroidManifest.xml:5:9-173
119            android:name="com.google.android.gms.common.api.GoogleApiActivity"
119-->[com.google.android.gms:play-services-base:18.5.0] AndroidManifest.xml:5:19-85
120            android:exported="false"
120-->[com.google.android.gms:play-services-base:18.5.0] AndroidManifest.xml:5:146-170
121            android:theme="@android:style/Theme.Translucent.NoTitleBar" />
121-->[com.google.android.gms:play-services-base:18.5.0] AndroidManifest.xml:5:86-145
122
123        <meta-data
123-->[com.google.android.gms:play-services-basement:18.4.0] AndroidManifest.xml:6:9-122
124            android:name="com.google.android.gms.version"
124-->[com.google.android.gms:play-services-basement:18.4.0] AndroidManifest.xml:6:20-65
125            android:value="@integer/google_play_services_version" />
125-->[com.google.android.gms:play-services-basement:18.4.0] AndroidManifest.xml:6:66-119
126
127        <provider
127-->[androidx.emoji2:emoji2:1.3.0] AndroidManifest.xml:24:9-32:20
128            android:name="androidx.startup.InitializationProvider"
128-->[androidx.emoji2:emoji2:1.3.0] AndroidManifest.xml:25:13-67
129            android:authorities="com.example.neighbourhoodbartersystem.androidx-startup"
129-->[androidx.emoji2:emoji2:1.3.0] AndroidManifest.xml:26:13-68
130            android:exported="false" >
130-->[androidx.emoji2:emoji2:1.3.0] AndroidManifest.xml:27:13-37
131            <meta-data
131-->[androidx.emoji2:emoji2:1.3.0] AndroidManifest.xml:29:13-31:52
132                android:name="androidx.emoji2.text.EmojiCompatInitializer"
132-->[androidx.emoji2:emoji2:1.3.0] AndroidManifest.xml:30:17-75
133                android:value="androidx.startup" />
133-->[androidx.emoji2:emoji2:1.3.0] AndroidManifest.xml:31:17-49
134            <meta-data
134-->[androidx.lifecycle:lifecycle-process:2.6.2] AndroidManifest.xml:29:13-31:52
135                android:name="androidx.lifecycle.ProcessLifecycleInitializer"
135-->[androidx.lifecycle:lifecycle-process:2.6.2] AndroidManifest.xml:30:17-78
136                android:value="androidx.startup" />
136-->[androidx.lifecycle:lifecycle-process:2.6.2] AndroidManifest.xml:31:17-49
137            <meta-data
137-->[androidx.profileinstaller:profileinstaller:1.4.0] AndroidManifest.xml:29:13-31:52
138                android:name="androidx.profileinstaller.ProfileInstallerInitializer"
138-->[androidx.profileinstaller:profileinstaller:1.4.0] AndroidManifest.xml:30:17-85
139                android:value="androidx.startup" />
139-->[androidx.profileinstaller:profileinstaller:1.4.0] AndroidManifest.xml:31:17-49
140        </provider>
141
142        <receiver
142-->[androidx.profileinstaller:profileinstaller:1.4.0] AndroidManifest.xml:34:9-52:20
143            android:name="androidx.profileinstaller.ProfileInstallReceiver"
143-->[androidx.profileinstaller:profileinstaller:1.4.0] AndroidManifest.xml:35:13-76
144            android:directBootAware="false"
144-->[androidx.profileinstaller:profileinstaller:1.4.0] AndroidManifest.xml:36:13-44
145            android:enabled="true"
145-->[androidx.profileinstaller:profileinstaller:1.4.0] AndroidManifest.xml:37:13-35
146            android:exported="true"
146-->[androidx.profileinstaller:profileinstaller:1.4.0] AndroidManifest.xml:38:13-36
147            android:permission="android.permission.DUMP" >
147-->[androidx.profileinstaller:profileinstaller:1.4.0] AndroidManifest.xml:39:13-57
148            <intent-filter>
148-->[androidx.profileinstaller:profileinstaller:1.4.0] AndroidManifest.xml:40:13-42:29
149                <action android:name="androidx.profileinstaller.action.INSTALL_PROFILE" />
149-->[androidx.profileinstaller:profileinstaller:1.4.0] AndroidManifest.xml:41:17-91
149-->[androidx.profileinstaller:profileinstaller:1.4.0] AndroidManifest.xml:41:25-88
150            </intent-filter>
151            <intent-filter>
151-->[androidx.profileinstaller:profileinstaller:1.4.0] AndroidManifest.xml:43:13-45:29
152                <action android:name="androidx.profileinstaller.action.SKIP_FILE" />
152-->[androidx.profileinstaller:profileinstaller:1.4.0] AndroidManifest.xml:44:17-85
152-->[androidx.profileinstaller:profileinstaller:1.4.0] AndroidManifest.xml:44:25-82
153            </intent-filter>
154            <intent-filter>
154-->[androidx.profileinstaller:profileinstaller:1.4.0] AndroidManifest.xml:46:13-48:29
155                <action android:name="androidx.profileinstaller.action.SAVE_PROFILE" />
155-->[androidx.profileinstaller:profileinstaller:1.4.0] AndroidManifest.xml:47:17-88
155-->[androidx.profileinstaller:profileinstaller:1.4.0] AndroidManifest.xml:47:25-85
156            </intent-filter>
157            <intent-filter>
157-->[androidx.profileinstaller:profileinstaller:1.4.0] AndroidManifest.xml:49:13-51:29
158                <action android:name="androidx.profileinstaller.action.BENCHMARK_OPERATION" />
158-->[androidx.profileinstaller:profileinstaller:1.4.0] AndroidManifest.xml:50:17-95
158-->[androidx.profileinstaller:profileinstaller:1.4.0] AndroidManifest.xml:50:25-92
159            </intent-filter>
160        </receiver>
161    </application>
162
163</manifest>